2023-04-05 04:36:57,735 DEBUG    root            Loaded Command Group: ['gcloud', 'config']
2023-04-05 04:36:57,737 DEBUG    root            Loaded Command Group: ['gcloud', 'config', 'config_helper']
2023-04-05 04:36:57,739 DEBUG    root            Running [gcloud.config.config-helper] with arguments: [--format: "json"]
2023-04-05 04:36:57,744 DEBUG    google.auth.transport.requests Making request: GET http://192.168.10.5/computeMetadata/v1/instance/service-accounts/451171757262-compute@developer.gserviceaccount.com/?recursive=true
2023-04-05 04:36:57,746 DEBUG    urllib3.connectionpool Starting new HTTP connection (1): 192.168.10.5:80
2023-04-05 04:36:57,746 DEBUG    urllib3.connectionpool http://192.168.10.5:80 "GET /computeMetadata/v1/instance/service-accounts/451171757262-compute@developer.gserviceaccount.com/?recursive=true HTTP/1.1" 200 145
2023-04-05 04:36:57,747 DEBUG    google.auth.transport.requests Making request: GET http://192.168.10.5/computeMetadata/v1/instance/service-accounts/451171757262-compute@developer.gserviceaccount.com/token
2023-04-05 04:36:57,749 DEBUG    urllib3.connectionpool http://192.168.10.5:80 "GET /computeMetadata/v1/instance/service-accounts/451171757262-compute@developer.gserviceaccount.com/token HTTP/1.1" 200 1084
2023-04-05 04:36:57,772 DEBUG    root            Chosen display Format:default json
2023-04-05 04:36:57,772 INFO     root            Display format: "default json"
2023-04-05 04:36:57,773 INFO     ___FILE_ONLY___ {
  "configuration": {
    "active_configuration": "default",
    "properties": {
      "core": {
        "account": "451171757262-compute@developer.gserviceaccount.com",
        "disable_usage_reporting": "True",
        "project": "stock-predict-380701"
      }
    }
  },
  "credential": {
    "access_token": "ya29.c.b0Aaekm1JwdN92uaCL9HJu09DI1QjIcNrAvAGSnnciFvxojAQk-J2YqfwOzzDA-VTbb5LZvwQ6TZaeXqHS7AYgeCVJR8asrLv9pXDIe3ES81ia3TIgmmxTAzadZdVpQUkM2Kt3IAGVUm_bgJXVfXkuigJgkF8uY0qCphlyAN23cluMlxkltuQ6U8zo9MKksLapUBiPxK8e2_BdFuuCa2w1Mp14xw97HbMGcMohXvBz3XdK9Py27qE__YHk7Mf0J9tpkP6M9xjKOSEOfCstmATGevYlmjRrdX-Kgan-xc7cRTug5UQgYnIUg0d3bRzrgKWcqyy6Gr9EeIw4VxAoWcdtH349PYi-IWy4u1ccMzdoe9j7RR9J1z8nfpzrMl4tFdRw_82JMIz2858e6V3ynOVv9ZX2kk4esqkYZfzWUpd_x75B4c8Sn0gr43x7ZYb15WUe1JB80blZnWoQ0ZRY-f8B4MVcFqvRwyhxVhBI8y_0Mo9h6cB9wmmO4rUnS4tideFdkB7eUs17UUBU2OZ8QbInlwrskZ-m9uBf3xUy1QoWXfMsieQ-6myF3x3B4n3d1cYosyuR5Z93mkByojshbs_WIzrn3qSp5dYBxyBZoXo3ZecXeXcbX-jU8jQoOq7y8b7yYl3BYBbFcv3zmYReBB62zsf1VV8Mto5menJXYiQpfRxc1xp6hvuebcFvbbeJa_4JzbtgWIJ5yuSJacqRIfxmYbt9hyUOeRdv-I2QFf4czY6r_fjq3Ruvy_ORfuQjj3jrZfkB65l0pdkspoyV9Fut444YJdf5hhxztdQ7wxn6xtuqdSdxMl0m8oR5Bdf4py21g2Ixb8frisM4XaJ5agsmsW10gZnVhXzXJgZt5_f4fO3r-iBiqmzwnZ-_lmO5c_mFezib5nh_qRORxV_Maz1_Yq4d3d2ngVf3Bwy1M40osIY4SkpOiRgR4QnkZIoa6rylwXW8ggOOzWOBQbWl62k6wzB7gQXe1_i96O1eIsi7QUiB81o7-XQ45j8",
    "id_token": null,
    "token_expiry": "2023-04-05T05:29:42Z"
  },
  "sentinels": {
    "config_sentinel": "/home/jupyter/.config/gcloud/config_sentinel"
  }
}
2023-04-05 04:36:57,773 INFO     ___FILE_ONLY___ 

2023-04-05 04:36:57,773 DEBUG    root            SDK update checks are disabled.
