2023-04-04 02:24:53,452 DEBUG    root            Loaded Command Group: ['gcloud', 'config']
2023-04-04 02:24:53,454 DEBUG    root            Loaded Command Group: ['gcloud', 'config', 'config_helper']
2023-04-04 02:24:53,456 DEBUG    root            Running [gcloud.config.config-helper] with arguments: [--format: "json"]
2023-04-04 02:24:53,461 DEBUG    google.auth.transport.requests Making request: GET http://192.168.10.5/computeMetadata/v1/instance/service-accounts/451171757262-compute@developer.gserviceaccount.com/?recursive=true
2023-04-04 02:24:53,463 DEBUG    urllib3.connectionpool Starting new HTTP connection (1): 192.168.10.5:80
2023-04-04 02:24:53,463 DEBUG    urllib3.connectionpool http://192.168.10.5:80 "GET /computeMetadata/v1/instance/service-accounts/451171757262-compute@developer.gserviceaccount.com/?recursive=true HTTP/1.1" 200 145
2023-04-04 02:24:53,464 DEBUG    google.auth.transport.requests Making request: GET http://192.168.10.5/computeMetadata/v1/instance/service-accounts/451171757262-compute@developer.gserviceaccount.com/token
2023-04-04 02:24:53,466 DEBUG    urllib3.connectionpool http://192.168.10.5:80 "GET /computeMetadata/v1/instance/service-accounts/451171757262-compute@developer.gserviceaccount.com/token HTTP/1.1" 200 1084
2023-04-04 02:24:53,500 DEBUG    root            Chosen display Format:default json
2023-04-04 02:24:53,501 INFO     root            Display format: "default json"
2023-04-04 02:24:53,501 INFO     ___FILE_ONLY___ {
  "configuration": {
    "active_configuration": "default",
    "properties": {
      "core": {
        "account": "451171757262-compute@developer.gserviceaccount.com",
        "disable_usage_reporting": "True",
        "project": "stock-predict-380701"
      }
    }
  },
  "credential": {
    "access_token": "ya29.c.b0Aaekm1JBhErCRMDR1iPsOO4D5ygQZKTvCofenPKMKgdFxwI44oj-0zFN55DLFWv34LyDrTap19X3WTXzAnvcuJeMafncxJjvriADv1E6RpBKh0px9snz5s3Dl-CmCM-JK0T0KfMOvR-9G_wdztjUtP3AR4IVPatcEvMElqRiJ_YUZsrg4IFa9XeYVPk4wsZf3WXjvrWg85efba5lfL2PVolfhvmgvnnzlNI8TyNN7HP9Fk7uqPJ5NBWFtK4Emja01MXxyRjzd96EZJSb68OFKduo7pPnes97biKIoxYK31jkO2qJUpRn_ZY_4ClJ5K9-WClyFzzobi5qEvHKAD03L349D3wF8-xsWxpUqspkeWnlsMOtZoF6qwimxchJ6j8WsbqUbfdlXmWlpngvwvll8t5V3nh-gpZm8je2pv2rx2m-cXq2kljO8ryfSh9Sm0vBIrcQzV5mF-x97WuqXxd5FMnFqvIv9fSjZ_Us9FJf3aIlf8UUVes9UUOp26r2sZM4UsqqF6Q5UV68UvdprQmlsSJUoZV6-nkbS-aUXUOg1xvWSo0fk0_QobVcbIlbqS1u4XkbXw_vS_w6Vl2OaSQZaul-Bld2IQyXx7c8tdU5xq4McUBx5_VV1YYfmxxi4XndJyu4pbhBIQshgofn_oXJuregbYQ-Va1I6WmB3FM0fb6dhpfWe6spIlrRBw59rqZUpur_uqnfVaFWhwXf4_ui2u4Mcx6hd_USneRSV-a9nRy3440pdRF9errRVx_qUp36MYB83kpbMs8aan3Is9ObuRd7twUrIe-eJvqetMbeqMpZFIg8pru6hd_OgFMQcIa_YO3_vksQfizr5OphVhUq2aFsscet8m3x3SBey3vb2Wg7y_Infr1M1f99zi5y48veYyYyMU-0M0YbfypRS3zUWnos7Rr6SwfugWS-V3R6Vn8uIYbtS7BotBr52IfWzlqcMdbtaSev6qbv9zybFtiv6vocqFX4lk0tYB9Ic5JsppQO6txalWp9Q1f",
    "id_token": null,
    "token_expiry": "2023-04-04T03:06:01Z"
  },
  "sentinels": {
    "config_sentinel": "/home/jupyter/.config/gcloud/config_sentinel"
  }
}
2023-04-04 02:24:53,501 INFO     ___FILE_ONLY___ 

2023-04-04 02:24:53,502 DEBUG    root            SDK update checks are disabled.
